0 info it worked if it ends with ok
1 verbose cli [ '/home/ec2-user/.nvm/versions/node/v4.1.2/bin/node',
1 verbose cli   '/home/ec2-user/.nvm/versions/node/v4.1.2/bin/npm',
1 verbose cli   'install',
1 verbose cli   'path' ]
2 info using npm@2.14.4
3 info using node@v4.1.2
4 verbose install initial load of /home/ec2-user/environment/workspace/package.json
5 verbose readDependencies loading dependencies from /home/ec2-user/environment/workspace/package.json
6 silly cache add args [ 'path', null ]
7 verbose cache add spec path
8 silly cache add parsed spec Result {
8 silly cache add   raw: 'path',
8 silly cache add   scope: null,
8 silly cache add   name: 'path',
8 silly cache add   rawSpec: '',
8 silly cache add   spec: '*',
8 silly cache add   type: 'range' }
9 silly addNamed path@*
10 verbose addNamed "*" is a valid semver range for path
11 silly addNameRange { name: 'path', range: '*', hasData: false }
12 silly mapToRegistry name path
13 silly mapToRegistry using default registry
14 silly mapToRegistry registry http://localhost:15443/
15 silly mapToRegistry uri http://localhost:15443/path
16 verbose addNameRange registry:http://localhost:15443/path not in flight; fetching
17 verbose request uri http://localhost:15443/path
18 verbose request no auth needed
19 info attempt registry request try #1 at 1:39:57 AM
20 verbose request id f57c32a4991045c6
21 http request GET http://localhost:15443/path
22 info retry will retry, error on last attempt: Error: connect ECONNREFUSED 127.0.0.1:15443
23 info attempt registry request try #2 at 1:40:07 AM
24 http request GET http://localhost:15443/path
25 info retry will retry, error on last attempt: Error: connect ECONNREFUSED 127.0.0.1:15443
26 info attempt registry request try #3 at 1:41:07 AM
27 http request GET http://localhost:15443/path
28 verbose stack Error: connect ECONNREFUSED 127.0.0.1:15443
28 verbose stack     at Object.exports._errnoException (util.js:849:11)
28 verbose stack     at exports._exceptionWithHostPort (util.js:872:20)
28 verbose stack     at TCPConnectWrap.afterConnect [as oncomplete] (net.js:1060:14)
29 verbose cwd /home/ec2-user/environment/workspace
30 error Linux 4.9.85-38.58.amzn1.x86_64
31 error argv "/home/ec2-user/.nvm/versions/node/v4.1.2/bin/node" "/home/ec2-user/.nvm/versions/node/v4.1.2/bin/npm" "install" "path"
32 error node v4.1.2
33 error npm  v2.14.4
34 error code ECONNREFUSED
35 error errno ECONNREFUSED
36 error syscall connect
37 error Error: connect ECONNREFUSED 127.0.0.1:15443
37 error     at Object.exports._errnoException (util.js:849:11)
37 error     at exports._exceptionWithHostPort (util.js:872:20)
37 error     at TCPConnectWrap.afterConnect [as oncomplete] (net.js:1060:14)
37 error  { [Error: connect ECONNREFUSED 127.0.0.1:15443]
37 error   code: 'ECONNREFUSED',
37 error   errno: 'ECONNREFUSED',
37 error   syscall: 'connect',
37 error   address: '127.0.0.1',
37 error   port: 15443,
37 error   parent: 'maycumberproject' }
38 error If you are behind a proxy, please make sure that the
38 error 'proxy' config is set properly.  See: 'npm help config'
39 verbose exit [ 1, true ]
